0 info it worked if it ends with ok
1 verbose cli [ 'C:\\Program Files\\nodejs\\\\node.exe',
1 verbose cli   'C:\\Program Files\\nodejs\\node_modules\\npm\\bin\\npm-cli.js',
1 verbose cli   'install',
1 verbose cli   '–g',
1 verbose cli   'eslint' ]
2 info using npm@2.7.4
3 info using node@v0.12.2
4 verbose node symlink C:\Program Files\nodejs\\node.exe
5 silly cache add args [ '–g', null ]
6 verbose cache add spec –g
7 silly cache add args [ 'eslint', null ]
8 verbose cache add spec eslint
9 silly cache add parsed spec { raw: '–g',
9 silly cache add   scope: null,
9 silly cache add   name: null,
9 silly cache add   rawSpec: '–g',
9 silly cache add   spec: 'C:\\TestTask\\JQueryWidget\\–g',
9 silly cache add   type: 'local' }
10 silly cache add parsed spec { raw: 'eslint',
10 silly cache add   scope: null,
10 silly cache add   name: 'eslint',
10 silly cache add   rawSpec: '',
10 silly cache add   spec: '*',
10 silly cache add   type: 'range' }
11 verbose addNamed eslint@*
12 silly addNamed semver.valid null
13 silly addNamed semver.validRange *
14 silly addNameRange { name: 'eslint', range: '*', hasData: false }
15 silly mapToRegistry name eslint
16 silly mapToRegistry using default registry
17 silly mapToRegistry registry https://registry.npmjs.org/
18 silly mapToRegistry uri https://registry.npmjs.org/eslint
19 verbose addNameRange registry:https://registry.npmjs.org/eslint not in flight; fetching
20 error addLocal Could not install C:\TestTask\JQueryWidget\–g
21 verbose request uri https://registry.npmjs.org/eslint
22 verbose request no auth needed
23 info attempt registry request try #1 at 2:29:51 PM
24 verbose request id 1a7301bbfa3d4ed7
25 http request GET https://registry.npmjs.org/eslint
26 http 200 https://registry.npmjs.org/eslint
27 silly get cb [ 200,
27 silly get   { server: 'CouchDB/1.5.0 (Erlang OTP/R16B03)',
27 silly get     etag: '"6BEIEVCN9DY88H861TJSOSWID"',
27 silly get     'content-type': 'application/json',
27 silly get     'cache-control': 'max-age=60',
27 silly get     'content-length': '134453',
27 silly get     'accept-ranges': 'bytes',
27 silly get     date: 'Tue, 07 Jul 2015 21:29:52 GMT',
27 silly get     via: '1.1 varnish',
27 silly get     age: '12',
27 silly get     connection: 'keep-alive',
27 silly get     'x-served-by': 'cache-sjc3127-SJC',
27 silly get     'x-cache': 'HIT',
27 silly get     'x-cache-hits': '1',
27 silly get     'x-timer': 'S1436304592.394653,VS0,VE1',
27 silly get     vary: 'Accept' } ]
28 verbose get saving eslint to C:\Users\sbatni\AppData\Roaming\npm-cache\registry.npmjs.org\eslint\.cache.json
29 silly addNameRange number 2 { name: 'eslint', range: '*', hasData: true }
30 silly addNameRange versions [ 'eslint',
30 silly addNameRange   [ '0.0.4',
30 silly addNameRange     '0.0.5',
30 silly addNameRange     '0.0.6',
30 silly addNameRange     '0.0.7',
30 silly addNameRange     '0.1.0-dev',
30 silly addNameRange     '0.1.0',
30 silly addNameRange     '0.1.1',
30 silly addNameRange     '0.1.2',
30 silly addNameRange     '0.1.3',
30 silly addNameRange     '0.1.4',
30 silly addNameRange     '0.2.0',
30 silly addNameRange     '0.3.0',
30 silly addNameRange     '0.4.0',
30 silly addNameRange     '0.4.1',
30 silly addNameRange     '0.4.2',
30 silly addNameRange     '0.4.3',
30 silly addNameRange     '0.4.4',
30 silly addNameRange     '0.4.5',
30 silly addNameRange     '0.5.0',
30 silly addNameRange     '0.5.1',
30 silly addNameRange     '0.6.0',
30 silly addNameRange     '0.6.1',
30 silly addNameRange     '0.6.2',
30 silly addNameRange     '0.7.1',
30 silly addNameRange     '0.7.2',
30 silly addNameRange     '0.7.3',
30 silly addNameRange     '0.7.4',
30 silly addNameRange     '0.8.0',
30 silly addNameRange     '0.8.1',
30 silly addNameRange     '0.8.2',
30 silly addNameRange     '0.9.0',
30 silly addNameRange     '0.9.1',
30 silly addNameRange     '0.9.2',
30 silly addNameRange     '0.10.0-alpha',
30 silly addNameRange     '0.10.0-alpha.1',
30 silly addNameRange     '0.10.0-alpha.2',
30 silly addNameRange     '0.10.0',
30 silly addNameRange     '0.11.0-alpha.0',
30 silly addNameRange     '0.10.1',
30 silly addNameRange     '0.10.2',
30 silly addNameRange     '0.11.0',
30 silly addNameRange     '0.12.0',
30 silly addNameRange     '0.13.0',
30 silly addNameRange     '0.14.0',
30 silly addNameRange     '0.14.1',
30 silly addNameRange     '0.15.0',
30 silly addNameRange     '0.15.1',
30 silly addNameRange     '0.16.0',
30 silly addNameRange     '0.16.1',
30 silly addNameRange     '0.16.2',
30 silly addNameRange     '0.17.0',
30 silly addNameRange     '0.17.1',
30 silly addNameRange     '0.18.0',
30 silly addNameRange     '0.19.0',
30 silly addNameRange     '0.20.0',
30 silly addNameRange     '0.21.0',
30 silly addNameRange     '0.21.1',
30 silly addNameRange     '0.21.2',
30 silly addNameRange     '0.22.0',
30 silly addNameRange     '0.22.1',
30 silly addNameRange     '0.23.0',
30 silly addNameRange     '0.24.0' ] ]
31 verbose addNamed eslint@0.24.0
32 silly addNamed semver.valid 0.24.0
33 silly addNamed semver.validRange 0.24.0
34 silly mapToRegistry name eslint
35 silly mapToRegistry using default registry
36 silly mapToRegistry registry https://registry.npmjs.org/
37 silly mapToRegistry uri https://registry.npmjs.org/eslint
38 verbose addRemoteTarball https://registry.npmjs.org/eslint/-/eslint-0.24.0.tgz not in flight; adding
39 verbose addRemoteTarball [ 'https://registry.npmjs.org/eslint/-/eslint-0.24.0.tgz',
39 verbose addRemoteTarball   '1fc8ce7a153e614599cfc9efdabac4d1ea9aa6b0' ]
40 info retry fetch attempt 1 at 2:29:51 PM
41 info attempt registry request try #1 at 2:29:51 PM
42 http fetch GET https://registry.npmjs.org/eslint/-/eslint-0.24.0.tgz
43 http fetch 200 https://registry.npmjs.org/eslint/-/eslint-0.24.0.tgz
44 silly fetchAndShaCheck shasum 1fc8ce7a153e614599cfc9efdabac4d1ea9aa6b0
45 verbose addTmpTarball C:\Users\sbatni\AppData\Local\Temp\npm-9016-e1b6d71b\registry.npmjs.org\eslint\-\eslint-0.24.0.tgz not in flight; adding
46 verbose addTmpTarball already have metadata; skipping unpack for eslint@0.24.0
47 silly cache afterAdd eslint@0.24.0
48 verbose afterAdd C:\Users\sbatni\AppData\Roaming\npm-cache\eslint\0.24.0\package\package.json not in flight; writing
49 verbose afterAdd C:\Users\sbatni\AppData\Roaming\npm-cache\eslint\0.24.0\package\package.json written
50 verbose stack Error: ENOENT, open 'C:\TestTask\JQueryWidget\–g'
50 verbose stack     at Error (native)
51 verbose cwd C:\TestTask\JQueryWidget
52 error Windows_NT 6.1.7600
53 error argv "C:\\Program Files\\nodejs\\\\node.exe" "C:\\Program Files\\nodejs\\node_modules\\npm\\bin\\npm-cli.js" "install" "–g" "eslint"
54 error node v0.12.2
55 error npm  v2.7.4
56 error path C:\TestTask\JQueryWidget\–g
57 error code ENOENT
58 error errno -4058
59 error enoent ENOENT, open 'C:\TestTask\JQueryWidget\–g'
59 error enoent This is most likely not a problem with npm itself
59 error enoent and is related to npm not being able to find a file.
60 verbose exit [ -4058, true ]
